
*** Running vivado
    with args -log blk_mem_gen_1.vds -m64 -product Vivado -mode batch -messageDb vivado.pb -notrace -source blk_mem_gen_1.tcl

awk: symbol lookup error: awk: undefined symbol: mpfr_z_sub

****** Vivado v2016.4 (64-bit)
  **** SW Build 1733598 on Wed Dec 14 22:35:42 MST 2016
  **** IP Build 1731160 on Wed Dec 14 23:47:21 MST 2016
    ** Copyright 1986-2016 Xilinx, Inc. All Rights Reserved.

source blk_mem_gen_1.tcl -notrace
awk: symbol lookup error: awk: undefined symbol: mpfr_z_sub
Starting RTL Elaboration : Time (s): cpu = 00:00:14 ; elapsed = 00:00:14 . Memory (MB): peak = 1059.574 ; gain = 129.086 ; free physical = 6401 ; free virtual = 20652
INFO: [Synth 8-638] synthesizing module 'blk_mem_gen_1' [/home/dr/Xilinx_proj/dma-1/xdma_0_ex/xdma_0_ex.srcs/sources_1/ip/blk_mem_gen_1/synth/blk_mem_gen_1.vhd:95]
INFO: [Synth 8-256] done synthesizing module 'blk_mem_gen_1' (13#1) [/home/dr/Xilinx_proj/dma-1/xdma_0_ex/xdma_0_ex.srcs/sources_1/ip/blk_mem_gen_1/synth/blk_mem_gen_1.vhd:95]
Finished RTL Elaboration : Time (s): cpu = 00:01:46 ; elapsed = 00:01:48 . Memory (MB): peak = 1261.410 ; gain = 330.922 ; free physical = 5926 ; free virtual = 20178
Finished RTL Optimization Phase 1 : Time (s): cpu = 00:01:47 ; elapsed = 00:01:48 . Memory (MB): peak = 1261.410 ; gain = 330.922 ; free physical = 5925 ; free virtual = 20177
INFO: [Device 21-403] Loading part xc7a50tcsg325-1
Constraint Validation Runtime : Time (s): cpu = 00:00:00.04 ; elapsed = 00:00:00.04 . Memory (MB): peak = 1392.219 ; gain = 1.000 ; free physical = 5885 ; free virtual = 20156
Finished Constraint Validation : Time (s): cpu = 00:02:05 ; elapsed = 00:02:07 . Memory (MB): peak = 1392.219 ; gain = 461.730 ; free physical = 5885 ; free virtual = 20156
Finished Loading Part and Timing Information : Time (s): cpu = 00:02:05 ; elapsed = 00:02:07 . Memory (MB): peak = 1392.219 ; gain = 461.730 ; free physical = 5885 ; free virtual = 20156
Finished applying 'set_property' XDC Constraints : Time (s): cpu = 00:02:05 ; elapsed = 00:02:07 . Memory (MB): peak = 1392.219 ; gain = 461.730 ; free physical = 5885 ; free virtual = 20156
Finished RTL Optimization Phase 2 : Time (s): cpu = 00:02:06 ; elapsed = 00:02:08 . Memory (MB): peak = 1392.219 ; gain = 461.730 ; free physical = 5875 ; free virtual = 20146
Finished Cross Boundary and Area Optimization : Time (s): cpu = 00:02:09 ; elapsed = 00:02:12 . Memory (MB): peak = 1400.227 ; gain = 469.738 ; free physical = 5857 ; free virtual = 20130
Finished Applying XDC Timing Constraints : Time (s): cpu = 00:02:25 ; elapsed = 00:02:27 . Memory (MB): peak = 1410.227 ; gain = 479.738 ; free physical = 5804 ; free virtual = 20084
Finished Timing Optimization : Time (s): cpu = 00:02:26 ; elapsed = 00:02:28 . Memory (MB): peak = 1428.242 ; gain = 497.754 ; free physical = 5786 ; free virtual = 20067
Finished Technology Mapping : Time (s): cpu = 00:02:26 ; elapsed = 00:02:28 . Memory (MB): peak = 1438.258 ; gain = 507.770 ; free physical = 5775 ; free virtual = 20055
Finished IO Insertion : Time (s): cpu = 00:02:27 ; elapsed = 00:02:29 . Memory (MB): peak = 1438.258 ; gain = 507.770 ; free physical = 5775 ; free virtual = 20056
Finished Renaming Generated Instances : Time (s): cpu = 00:02:27 ; elapsed = 00:02:29 . Memory (MB): peak = 1438.258 ; gain = 507.770 ; free physical = 5775 ; free virtual = 20056
Finished Rebuilding User Hierarchy : Time (s): cpu = 00:02:27 ; elapsed = 00:02:30 . Memory (MB): peak = 1438.258 ; gain = 507.770 ; free physical = 5775 ; free virtual = 20056
Finished Renaming Generated Ports : Time (s): cpu = 00:02:27 ; elapsed = 00:02:30 . Memory (MB): peak = 1438.258 ; gain = 507.770 ; free physical = 5775 ; free virtual = 20056
Finished Handling Custom Attributes : Time (s): cpu = 00:02:27 ; elapsed = 00:02:30 . Memory (MB): peak = 1438.258 ; gain = 507.770 ; free physical = 5775 ; free virtual = 20056
Finished Renaming Generated Nets : Time (s): cpu = 00:02:27 ; elapsed = 00:02:30 . Memory (MB): peak = 1438.258 ; gain = 507.770 ; free physical = 5775 ; free virtual = 20056

Report Cell Usage: 
+------+---------+------+
|      |Cell     |Count |
+------+---------+------+
|1     |LUT1     |     1|
|2     |LUT2     |    12|
|3     |LUT3     |    25|
|4     |LUT4     |    34|
|5     |LUT5     |    40|
|6     |LUT6     |    77|
|7     |RAMB36E1 |     1|
|8     |FDCE     |    84|
|9     |FDPE     |     9|
|10    |FDRE     |    20|
+------+---------+------+
Finished Writing Synthesis Report : Time (s): cpu = 00:02:27 ; elapsed = 00:02:30 . Memory (MB): peak = 1438.258 ; gain = 507.770 ; free physical = 5775 ; free virtual = 20056
synth_design: Time (s): cpu = 00:02:26 ; elapsed = 00:02:28 . Memory (MB): peak = 1441.773 ; gain = 443.781 ; free physical = 5769 ; free virtual = 20052
