
*** Running vivado
    with args -log blk_mem_gen_1.vds -m64 -product Vivado -mode batch -messageDb vivado.pb -notrace -source blk_mem_gen_1.tcl

awk: symbol lookup error: awk: undefined symbol: mpfr_z_sub

****** Vivado v2016.4 (64-bit)
  **** SW Build 1733598 on Wed Dec 14 22:35:42 MST 2016
  **** IP Build 1731160 on Wed Dec 14 23:47:21 MST 2016
    ** Copyright 1986-2016 Xilinx, Inc. All Rights Reserved.

source blk_mem_gen_1.tcl -notrace
awk: symbol lookup error: awk: undefined symbol: mpfr_z_sub
Starting RTL Elaboration : Time (s): cpu = 00:00:08 ; elapsed = 00:00:08 . Memory (MB): peak = 1060.570 ; gain = 130.086 ; free physical = 7989 ; free virtual = 22170
INFO: [Synth 8-638] synthesizing module 'blk_mem_gen_1' [/home/dr/Git/RHSResearchLLC/NanoEVB-X1/Vivado/xdma_0_ex/xdma_0_ex.srcs/sources_1/ip/blk_mem_gen_1/synth/blk_mem_gen_1.vhd:95]
INFO: [Synth 8-256] done synthesizing module 'blk_mem_gen_1' (13#1) [/home/dr/Git/RHSResearchLLC/NanoEVB-X1/Vivado/xdma_0_ex/xdma_0_ex.srcs/sources_1/ip/blk_mem_gen_1/synth/blk_mem_gen_1.vhd:95]
Finished RTL Elaboration : Time (s): cpu = 00:01:01 ; elapsed = 00:01:01 . Memory (MB): peak = 1262.406 ; gain = 331.922 ; free physical = 7771 ; free virtual = 21953
Finished RTL Optimization Phase 1 : Time (s): cpu = 00:01:01 ; elapsed = 00:01:01 . Memory (MB): peak = 1262.406 ; gain = 331.922 ; free physical = 7771 ; free virtual = 21953
INFO: [Device 21-403] Loading part xc7a50tcsg325-2
Constraint Validation Runtime : Time (s): cpu = 00:00:00.03 ; elapsed = 00:00:00.03 . Memory (MB): peak = 1392.215 ; gain = 0.000 ; free physical = 7755 ; free virtual = 21938
Finished Constraint Validation : Time (s): cpu = 00:01:12 ; elapsed = 00:01:12 . Memory (MB): peak = 1392.215 ; gain = 461.730 ; free physical = 7754 ; free virtual = 21937
Finished Loading Part and Timing Information : Time (s): cpu = 00:01:12 ; elapsed = 00:01:12 . Memory (MB): peak = 1392.215 ; gain = 461.730 ; free physical = 7754 ; free virtual = 21937
Finished applying 'set_property' XDC Constraints : Time (s): cpu = 00:01:12 ; elapsed = 00:01:12 . Memory (MB): peak = 1392.215 ; gain = 461.730 ; free physical = 7754 ; free virtual = 21937
Finished RTL Optimization Phase 2 : Time (s): cpu = 00:01:12 ; elapsed = 00:01:13 . Memory (MB): peak = 1392.215 ; gain = 461.730 ; free physical = 7743 ; free virtual = 21926
Finished Cross Boundary and Area Optimization : Time (s): cpu = 00:01:14 ; elapsed = 00:01:15 . Memory (MB): peak = 1400.223 ; gain = 469.738 ; free physical = 7727 ; free virtual = 21910
Finished Applying XDC Timing Constraints : Time (s): cpu = 00:01:23 ; elapsed = 00:01:23 . Memory (MB): peak = 1411.223 ; gain = 480.738 ; free physical = 7697 ; free virtual = 21879
Finished Timing Optimization : Time (s): cpu = 00:01:23 ; elapsed = 00:01:24 . Memory (MB): peak = 1429.238 ; gain = 498.754 ; free physical = 7677 ; free virtual = 21860
Finished Technology Mapping : Time (s): cpu = 00:01:23 ; elapsed = 00:01:24 . Memory (MB): peak = 1439.254 ; gain = 508.770 ; free physical = 7668 ; free virtual = 21851
Finished IO Insertion : Time (s): cpu = 00:01:24 ; elapsed = 00:01:24 . Memory (MB): peak = 1439.254 ; gain = 508.770 ; free physical = 7668 ; free virtual = 21851
Finished Renaming Generated Instances : Time (s): cpu = 00:01:24 ; elapsed = 00:01:24 . Memory (MB): peak = 1439.254 ; gain = 508.770 ; free physical = 7668 ; free virtual = 21851
Finished Rebuilding User Hierarchy : Time (s): cpu = 00:01:24 ; elapsed = 00:01:24 . Memory (MB): peak = 1439.254 ; gain = 508.770 ; free physical = 7669 ; free virtual = 21851
Finished Renaming Generated Ports : Time (s): cpu = 00:01:24 ; elapsed = 00:01:24 . Memory (MB): peak = 1439.254 ; gain = 508.770 ; free physical = 7669 ; free virtual = 21851
Finished Handling Custom Attributes : Time (s): cpu = 00:01:24 ; elapsed = 00:01:24 . Memory (MB): peak = 1439.254 ; gain = 508.770 ; free physical = 7669 ; free virtual = 21851
Finished Renaming Generated Nets : Time (s): cpu = 00:01:24 ; elapsed = 00:01:24 . Memory (MB): peak = 1439.254 ; gain = 508.770 ; free physical = 7669 ; free virtual = 21851

Report Cell Usage: 
+------+---------+------+
|      |Cell     |Count |
+------+---------+------+
|1     |LUT1     |     1|
|2     |LUT2     |    12|
|3     |LUT3     |    25|
|4     |LUT4     |    34|
|5     |LUT5     |    40|
|6     |LUT6     |    77|
|7     |RAMB36E1 |     1|
|8     |FDCE     |    84|
|9     |FDPE     |     9|
|10    |FDRE     |    20|
+------+---------+------+
Finished Writing Synthesis Report : Time (s): cpu = 00:01:24 ; elapsed = 00:01:24 . Memory (MB): peak = 1439.254 ; gain = 508.770 ; free physical = 7669 ; free virtual = 21851
synth_design: Time (s): cpu = 00:01:23 ; elapsed = 00:01:23 . Memory (MB): peak = 1442.770 ; gain = 444.781 ; free physical = 7664 ; free virtual = 21847
