Copyright 1986-2016 Xilinx, Inc. All Rights Reserved.
------------------------------------------------------------------------------------
| Tool Version : Vivado v.2016.4 (lin64) Build 1733598 Wed Dec 14 22:35:42 MST 2016
| Date         : Tue Jul 25 21:12:36 2017
| Host         : lt1 running 64-bit Ubuntu 17.04
| Command      : upgrade_ip
| Device       : xc7a50tcsg325-2
------------------------------------------------------------------------------------

Upgrade Log for IP 'xdma_0'

1. Summary
----------

SUCCESS in the update of xdma_0 (xilinx.com:ip:xdma:3.0 (Rev. 1)) to current project options.






Copyright 1986-2016 Xilinx, Inc. All Rights Reserved.
------------------------------------------------------------------------------------
| Tool Version : Vivado v.2016.4 (lin64) Build 1733598 Wed Dec 14 22:35:42 MST 2016
| Date         : Tue Jul 25 21:12:30 2017
| Host         : lt1 running 64-bit Ubuntu 17.04
| Command      : upgrade_ip
| Device       : xc7a50tcsg325-2
------------------------------------------------------------------------------------

Upgrade Log for IP 'blk_mem_gen_1'

1. Summary
----------

SUCCESS in the update of blk_mem_gen_1 (xilinx.com:ip:blk_mem_gen:8.3 (Rev. 5)) to current project options.

